{"content": {"suites": {"0": {"status": {"total_pass": 0, "total_skip": 0, "total_xpass": 0, "total_xfail": 0, "total_rerun": 0, "total_fail": 4, "total_error": 0}, "tests": {"0": {"status": "FAIL", "message": "AssertionError: assert 'No OTP has b...menttext.com.' == 'No OTP has b...menttext.com.'\n  - No OTP has been initiated for Email ID testuser1@momenttext.com.\n  ?                               ^\n  + No OTP has been initiated for email ID testuser1@momenttext.com.\n  ?                               ^\n", "test_name": "test_update_password_without_otp_generation[testuser1@momenttext.com-Password@12354jkj-4yT28GN7]", "rerun": "0"}, "1": {"status": "FAIL", "message": "AssertionError: assert 'No OTP has b...menttext.com.' == 'No OTP has b...menttext.com.'\n  - No OTP has been initiated for Email ID testuser2@momenttext.com.\n  ?                               ^\n  + No OTP has been initiated for email ID testuser2@momenttext.com.\n  ?                               ^\n", "test_name": "test_update_password_without_otp_generation[testuser2@momenttext.com-Password@12354jkj-4yT28GN7]", "rerun": "0"}, "2": {"status": "FAIL", "message": "AssertionError: assert 'No OTP has b...menttext.com.' == 'No OTP has b...menttext.com.'\n  - No OTP has been initiated for Email ID testuser3@momenttext.com.\n  ?                               ^\n  + No OTP has been initiated for email ID testuser3@momenttext.com.\n  ?                               ^\n", "test_name": "test_update_password_without_otp_generation[testuser3@momenttext.com-Password@12354jkj-4yT28GN7]", "rerun": "0"}, "3": {"status": "FAIL", "message": "AssertionError: assert 'No OTP has b...menttext.com.' == 'No OTP has b...menttext.com.'\n  - No OTP has been initiated for Email ID testuser4@momenttext.com.\n  ?                               ^\n  + No OTP has been initiated for email ID testuser4@momenttext.com.\n  ?                               ^\n", "test_name": "test_update_password_without_otp_generation[testuser4@momenttext.com-Password@12354jkj-4yT28GN7]", "rerun": "0"}}, "suite_name": "usermanagement/Test_usermanagement/test_views.py"}}}, "date": "August 19, 2021", "start_time": 1629382564.9204686, "total_suite": 1, "status": "FAIL", "status_list": {"pass": "0", "fail": "4", "skip": "0", "error": "0", "xpass": "0", "xfail": "0", "rerun": "0"}, "total_tests": "4"}